proguard_logs/seeds.txt
com.alsimon.capteurs.MainActivity
com.alsimon.capteurs.MainActivity: MainActivity()
com.alsimon.capteurs.R$anim: int abc_fade_in
com.alsimon.capteurs.R$anim: int abc_fade_out
com.alsimon.capteurs.R$anim: int abc_slide_in_bottom
com.alsimon.capteurs.R$anim: int abc_slide_in_top
com.alsimon.capteurs.R$anim: int abc_slide_out_bottom
com.alsimon.capteurs.R$anim: int abc_slide_out_top
com.alsimon.capteurs.R$array: int nav_drawer_icons
com.alsimon.capteurs.R$array: int nav_drawer_items
com.alsimon.capteurs.R$attr: int actionBarDivider
com.alsimon.capteurs.R$attr: int actionBarItemBackground
com.alsimon.capteurs.R$attr: int actionBarSize
com.alsimon.capteurs.R$attr: int actionBarSplitStyle
com.alsimon.capteurs.R$attr: int actionBarStyle
com.alsimon.capteurs.R$attr: int actionBarTabBarStyle
com.alsimon.capteurs.R$attr: int actionBarTabStyle
com.alsimon.capteurs.R$attr: int actionBarTabTextStyle
com.alsimon.capteurs.R$attr: int actionBarWidgetTheme
com.alsimon.capteurs.R$attr: int actionButtonStyle
com.alsimon.capteurs.R$attr: int actionDropDownStyle
com.alsimon.capteurs.R$attr: int actionLayout
com.alsimon.capteurs.R$attr: int actionMenuTextAppearance
com.alsimon.capteurs.R$attr: int actionMenuTextColor
com.alsimon.capteurs.R$attr: int actionModeBackground
com.alsimon.capteurs.R$attr: int actionModeCloseButtonStyle
com.alsimon.capteurs.R$attr: int actionModeCloseDrawable
com.alsimon.capteurs.R$attr: int actionModeCopyDrawable
com.alsimon.capteurs.R$attr: int actionModeCutDrawable
com.alsimon.capteurs.R$attr: int actionModeFindDrawable
com.alsimon.capteurs.R$attr: int actionModePasteDrawable
com.alsimon.capteurs.R$attr: int actionModePopupWindowStyle
com.alsimon.capteurs.R$attr: int actionModeSelectAllDrawable
com.alsimon.capteurs.R$attr: int actionModeShareDrawable
com.alsimon.capteurs.R$attr: int actionModeSplitBackground
com.alsimon.capteurs.R$attr: int actionModeStyle
com.alsimon.capteurs.R$attr: int actionModeWebSearchDrawable
com.alsimon.capteurs.R$bool: int abc_action_bar_embed_tabs_pre_jb
com.alsimon.capteurs.R$bool: int abc_action_bar_expanded_action_views_exclusive
com.alsimon.capteurs.R$bool: int abc_config_actionMenuItemAllCaps
com.alsimon.capteurs.R$bool: int abc_config_allowActionMenuItemTextWithIcon
com.alsimon.capteurs.R$bool: int abc_config_showMenuShortcutsWhenKeyboardPresent
com.alsimon.capteurs.R$bool: int abc_split_action_bar_is_narrow
com.alsimon.capteurs.R$color: int abc_search_url_text_holo
com.alsimon.capteurs.R$color: int abc_search_url_text_normal
com.alsimon.capteurs.R$color: int abc_search_url_text_pressed
com.alsimon.capteurs.R$color: int abc_search_url_text_selected
com.alsimon.capteurs.R$color: int counter_text_bg
com.alsimon.capteurs.R$color: int counter_text_color
com.alsimon.capteurs.R$color: int list_background
com.alsimon.capteurs.R$color: int list_background_pressed
com.alsimon.capteurs.R$color: int list_divider
com.alsimon.capteurs.R$color: int list_item_title
...
android.support.v7.internal.view.menu.ActionMenuView
android.support.v7.internal.view.menu.ActionMenuView: ActionMenuView(android.content.Context)
android.support.v7.internal.view.menu.ActionMenuView: ActionMenuView(android.content.Context,android.util.AttributeSet)
android.support.v7.internal.view.menu.ActionMenuView: void setPresenter(android.support.v7.internal.view.menu.ActionMenuPresenter)
android.support.v7.internal.view.menu.ActionMenuView: void setOverflowReserved(boolean)
android.support.v7.internal.view.menu.ActionMenuView: int getWindowAnimations()
android.support.v7.internal.view.menu.ExpandedMenuView
android.support.v7.internal.view.menu.ExpandedMenuView: ExpandedMenuView(android.content.Context,android.util.AttributeSet)
android.support.v7.internal.view.menu.ExpandedMenuView: int getWindowAnimations()
android.support.v7.internal.view.menu.ListMenuItemView
android.support.v7.internal.view.menu.ListMenuItemView: ListMenuItemView(android.content.Context,android.util.AttributeSet,int)
android.support.v7.internal.view.menu.ListMenuItemView: ListMenuItemView(android.content.Context,android.util.AttributeSet)
android.support.v7.internal.view.menu.ListMenuItemView: void setForceShowIcon(boolean)
android.support.v7.internal.view.menu.ListMenuItemView: void setTitle(java.lang.CharSequence)
android.support.v7.internal.view.menu.ListMenuItemView: android.support.v7.internal.view.menu.MenuItemImpl getItemData()
android.support.v7.internal.view.menu.ListMenuItemView: void setCheckable(boolean)
android.support.v7.internal.view.menu.ListMenuItemView: void setChecked(boolean)
android.support.v7.internal.view.menu.ListMenuItemView: void setIcon(android.graphics.drawable.Drawable)
android.support.v7.internal.view.menu.ListMenuItemView: android.view.LayoutInflater getInflater()
android.support.v7.internal.widget.AbsActionBarView: AbsActionBarView(android.content.Context)
android.support.v7.internal.widget.AbsActionBarView: AbsActionBarView(android.content.Context,android.util.AttributeSet)
android.support.v7.internal.widget.AbsActionBarView: AbsActionBarView(android.content.Context,android.util.AttributeSet,int)
android.support.v7.internal.widget.AbsActionBarView: void setSplitActionBar(boolean)
android.support.v7.internal.widget.AbsActionBarView: void setSplitWhenNarrow(boolean)
android.support.v7.internal.widget.AbsActionBarView: void setContentHeight(int)
android.support.v7.internal.widget.AbsActionBarView: int getContentHeight()
android.support.v7.internal.widget.AbsActionBarView: void setSplitView(android.support.v7.internal.widget.ActionBarContainer)
android.support.v7.internal.widget.AbsActionBarView: int getAnimatedVisibility()
android.support.v7.internal.widget.AbsActionBarView: void setVisibility(int)
android.support.v7.internal.widget.AbsSpinnerICS$SavedState
android.support.v7.internal.widget.AbsSpinnerICS$SavedState: android.os.Parcelable$Creator CREATOR
android.support.v7.internal.widget.ActionBarContainer
android.support.v7.internal.widget.ActionBarContainer: ActionBarContainer(android.content.Context)
android.support.v7.internal.widget.ActionBarContainer: ActionBarContainer(android.content.Context,android.util.AttributeSet)
android.support.v7.internal.widget.ActionBarContainer: void setPrimaryBackground(android.graphics.drawable.Drawable)
android.support.v7.internal.widget.ActionBarContainer: void setStackedBackground(android.graphics.drawable.Drawable)
android.support.v7.internal.widget.ActionBarContainer: void setSplitBackground(android.graphics.drawable.Drawable)
android.support.v7.internal.widget.ActionBarContainer: void setVisibility(int)
android.support.v7.internal.widget.ActionBarContainer: void setTransitioning(boolean)
android.support.v7.internal.widget.ActionBarContainer: void setTabContainer(android.support.v7.internal.widget.ScrollingTabContainerView)
android.support.v7.internal.widget.ActionBarContainer: android.view.View getTabContainer()