proguard_logs/mapping.txt
com.alsimon.capteurs.GraphFragment -> com.alsimon.capteurs.a:
    com.jjoe64.graphview.GraphView mGraphView -> P
    java.util.List mGraphSeries -> Q
    java.lang.String[] labels -> R
    int[] colors -> S
    boolean pause -> T
    int maxNumberOfValues -> U
    java.text.DecimalFormat mDecimalFormatXaxis -> V
    java.text.DecimalFormat mDecimalFormatYaxis -> W
    android.view.View onCreateView(android.view.LayoutInflater,android.view.ViewGroup,android.os.Bundle) -> a
    void onViewCreated(android.view.View,android.os.Bundle) -> a
    void initField() -> y
    void drawGraph(android.hardware.Sensor) -> a
    int getOffset(android.hardware.Sensor) -> b
    java.lang.String getSensorName(android.hardware.Sensor) -> d
    void onDataRetrieved(android.hardware.Sensor,float[],float) -> a
    void onResume() -> g
    void onPause() -> h
    void onStop() -> i
    java.lang.String getAxisLabel(int) -> a
    com.jjoe64.graphview.GraphViewSeries$GraphViewSeriesStyle getAxisStyle(int) -> b
    void changePause() -> x
    void onSensorAdded(android.hardware.Sensor) -> c
    java.text.DecimalFormat access$000(com.alsimon.capteurs.GraphFragment) -> a
    java.text.DecimalFormat access$100(com.alsimon.capteurs.GraphFragment) -> b
com.alsimon.capteurs.GraphFragment$1 -> com.alsimon.capteurs.b:
    com.alsimon.capteurs.GraphFragment this$0 -> a
    java.lang.String formatLabel(double,boolean) -> a
com.alsimon.capteurs.MainActivity -> com.alsimon.capteurs.MainActivity:
    void onCreate(android.os.Bundle) -> onCreate
    void onPause() -> onPause
    boolean onOptionsItemSelected(android.view.MenuItem) -> onOptionsItemSelected
    void changeFragment(android.support.v4.app.Fragment) -> b
    void displayView(int) -> b
com.alsimon.capteurs.SensorWriter -> com.alsimon.capteurs.c:
    java.util.Map mWriter -> a
    java.io.File mExternalFileDir -> b
    byte count -> c
    com.alsimon.capteurs.SensorWriter getInstance() -> a
    void onSensorAdded(android.hardware.Sensor) -> c
    void onDataRetrieved(android.hardware.Sensor,float[],float) -> a
    boolean isWriting() -> b
    au.com.bytecode.opencsv.CSVWriter getWriter(android.hardware.Sensor) -> a
    void createWriter(android.hardware.Sensor) -> b
    void initWriter(android.app.Activity) -> a
    void writeFloat(android.hardware.Sensor,float[],float) -> b
    boolean isExternalStorageWritable() -> c
com.alsimon.capteurs.SensorWriter$1 -> com.alsimon.capteurs.d:
com.alsimon.capteurs.SensorWriter$SingletonHolder -> com.alsimon.capteurs.e:
    com.alsimon.capteurs.SensorWriter instance -> a
    com.alsimon.capteurs.SensorWriter access$000() -> a
...
android.support.v4.util.MapCollections$MapIterator -> android.support.v4.e.j:
    int mEnd -> a
    int mIndex -> b
    boolean mEntryValid -> c
    android.support.v4.util.MapCollections this$0 -> d
    boolean hasNext() -> hasNext
    java.util.Map$Entry next() -> a
    void remove() -> remove
    java.lang.Object getKey() -> getKey
    java.lang.Object getValue() -> getValue
    java.lang.Object setValue(java.lang.Object) -> setValue
    boolean equals(java.lang.Object) -> equals
    int hashCode() -> hashCode
    java.lang.String toString() -> toString
    java.lang.Object next() -> next
android.support.v4.util.MapCollections$ValuesCollection -> android.support.v4.e.k:
    android.support.v4.util.MapCollections this$0 -> a
    boolean add(java.lang.Object) -> add
    boolean addAll(java.util.Collection) -> addAll
    void clear() -> clear
    boolean contains(java.lang.Object) -> contains
    boolean containsAll(java.util.Collection) -> containsAll
    boolean isEmpty() -> isEmpty
    java.util.Iterator iterator() -> iterator
    boolean remove(java.lang.Object) -> remove
    boolean removeAll(java.util.Collection) -> removeAll
    boolean retainAll(java.util.Collection) -> retainAll
    int size() -> size
    java.lang.Object[] toArray() -> toArray
    java.lang.Object[] toArray(java.lang.Object[]) -> toArray
android.support.v4.util.SimpleArrayMap -> android.support.v4.e.l:
    java.lang.Object[] mBaseCache -> b
    int mBaseCacheSize -> c
    java.lang.Object[] mTwiceBaseCache -> d
    int mTwiceBaseCacheSize -> e
    int[] mHashes -> f
    java.lang.Object[] mArray -> g
    int mSize -> h
    int indexOf(java.lang.Object,int) -> a
    int indexOfNull() -> a
    void allocArrays(int) -> e
    void freeArrays(int[],java.lang.Object[],int) -> a
    void clear() -> clear
    void ensureCapacity(int) -> a
    boolean containsKey(java.lang.Object) -> containsKey
    int indexOfValue(java.lang.Object) -> a
    boolean containsValue(java.lang.Object) -> containsValue
    java.lang.Object get(java.lang.Object) -> get
    java.lang.Object keyAt(int) -> b
    java.lang.Object valueAt(int) -> c
    java.lang.Object setValueAt(int,java.lang.Object) -> a
    boolean isEmpty() -> isEmpty
    java.lang.Object put(java.lang.Object,java.lang.Object) -> put
    java.lang.Object remove(java.lang.Object) -> remove
    java.lang.Object removeAt(int) -> d
    int size() -> size
    boolean equals(java.lang.Object) -> equals
    int hashCode() -> hashCode
    java.lang.String toString() -> toString
android.support.v4.util.SparseArrayCompat -> android.support.v4.e.m:
    java.lang.Object DELETED -> a
    boolean mGarbage -> b
    int[] mKeys -> c
    java.lang.Object[] mValues -> d
    int mSize -> e
    android.support.v4.util.SparseArrayCompat clone() -> a
    void gc() -> d
    int size() -> b
    int keyAt(int) -> a
    java.lang.Object valueAt(int) -> b
    void clear() -> c
    java.lang.String toString() -> toString
    java.lang.Object clone() -> clone