proguard_logs/usage.txt
com.alsimon.capteurs.BuildConfig
com.alsimon.capteurs.GraphFragment:
    138:138:public java.lang.String[] getLabels()
    142:143:public void setLabels(java.lang.String[])
    146:146:public int[] getColors()
    150:151:public void setColors(int[])
    165:169:public void onSensorRemoved(android.hardware.Sensor)
com.alsimon.capteurs.MainActivity:
    81:84:public void onSensorSelected(int)
com.alsimon.capteurs.R
com.alsimon.capteurs.R$anim
com.alsimon.capteurs.R$array
com.alsimon.capteurs.R$attr
com.alsimon.capteurs.R$bool
com.alsimon.capteurs.R$color
com.alsimon.capteurs.R$dimen
com.alsimon.capteurs.R$drawable
com.alsimon.capteurs.R$id
com.alsimon.capteurs.R$integer
com.alsimon.capteurs.R$layout
com.alsimon.capteurs.R$menu
com.alsimon.capteurs.R$string
com.alsimon.capteurs.R$style
com.alsimon.capteurs.R$styleable
com.alsimon.capteurs.SensorListFragment
com.alsimon.capteurs.SensorListFragment$1
com.alsimon.capteurs.SensorListFragment$OnSensorSelectedListener
com.alsimon.capteurs.SensorWriter:
    45:45:public void onSensorRemoved(android.hardware.Sensor)
    93:99:public void close()
com.alsimon.capteurs.SensorWriter$SingletonHolder:
    124:124:private SensorWriter$SingletonHolder()
...
android.support.v7.app.ActionBar$Tab:
    public static final int INVALID_POSITION
    public abstract int getPosition()
    public abstract android.support.v7.app.ActionBar$Tab setIcon(android.graphics.drawable.Drawable)
    public abstract android.support.v7.app.ActionBar$Tab setIcon(int)
    public abstract android.support.v7.app.ActionBar$Tab setText(java.lang.CharSequence)
    public abstract android.support.v7.app.ActionBar$Tab setText(int)
    public abstract android.support.v7.app.ActionBar$Tab setCustomView(android.view.View)
    public abstract android.support.v7.app.ActionBar$Tab setCustomView(int)
    public abstract android.support.v7.app.ActionBar$Tab setTag(java.lang.Object)
    public abstract java.lang.Object getTag()
    public abstract android.support.v7.app.ActionBar$Tab setTabListener(android.support.v7.app.ActionBar$TabListener)
    public abstract android.support.v7.app.ActionBar$Tab setContentDescription(int)
    public abstract android.support.v7.app.ActionBar$Tab setContentDescription(java.lang.CharSequence)
android.support.v7.app.ActionBar$TabListener
android.support.v7.app.ActionBarActivity:
    163:163:public boolean supportRequestWindowFeature(int)
    194:194:public android.support.v7.view.ActionMode startSupportActionMode(android.support.v7.view.ActionMode$Callback)
    265:266:public void setSupportProgressBarVisibility(boolean)
    279:280:public void setSupportProgressBarIndeterminateVisibility(boolean)
    294:295:public void setSupportProgressBarIndeterminate(boolean)
    310:311:public void setSupportProgress(int)
android.support.v7.app.ActionBarActivityDelegate:
    static final java.lang.String METADATA_UI_OPTIONS
    static final java.lang.String UIOPTION_SPLIT_ACTION_BAR_WHEN_NARROW
    private static final java.lang.String TAG
    abstract boolean supportRequestWindowFeature(int)
    abstract android.support.v7.view.ActionMode startSupportActionMode(android.support.v7.view.ActionMode$Callback)
    abstract void setSupportProgressBarVisibility(boolean)
    abstract void setSupportProgressBarIndeterminateVisibility(boolean)
    abstract void setSupportProgressBarIndeterminate(boolean)
    abstract void setSupportProgress(int)
android.support.v7.app.ActionBarActivityDelegateBase:
    private static final java.lang.String TAG
    246:260:public boolean supportRequestWindowFeature(int)
    364:382:public android.support.v7.view.ActionMode startSupportActionMode(android.support.v7.view.ActionMode$Callback)
    476:478:void setSupportProgressBarVisibility(boolean)
    482:484:void setSupportProgressBarIndeterminateVisibility(boolean)
    488:490:void setSupportProgressBarIndeterminate(boolean)
    494:495:void setSupportProgress(int)
    506:542:private void updateProgressBars(int)
    546:553:private void showProgressBars(android.support.v7.internal.widget.ProgressBarICS,android.support.v7.internal.widget.ProgressBarICS)
    557:563:private void hideProgressBars(android.support.v7.internal.widget.ProgressBarICS,android.support.v7.internal.widget.ProgressBarICS)
    566:570:private android.support.v7.internal.widget.ProgressBarICS getCircularProgressBar()
    574:578:private android.support.v7.internal.widget.ProgressBarICS getHorizontalProgressBar()
    43:43:static synthetic android.support.v7.view.ActionMode access$402(android.support.v7.app.ActionBarActivityDelegateBase,android.support.v7.view.ActionMode)
android.support.v7.app.ActionBarActivityDelegateBase$ActionModeCallbackWrapper
android.support.v7.app.ActionBarActivityDelegateICS:
    132:132:public boolean supportRequestWindowFeature(int)
    175:192:public android.support.v7.view.ActionMode startSupportActionMode(android.support.v7.view.ActionMode$Callback)
    202:203:void setSupportProgressBarVisibility(boolean)
    207:208:void setSupportProgressBarIndeterminateVisibility(boolean)
    212:213:void setSupportProgressBarIndeterminate(boolean)
    217:218:void setSupportProgress(int)